INFO: 2021/07/15 18:40:16 connection.go:70: talk类型消息hello go
INFO: 2021/07/15 18:40:17 connection.go:70: talk类型消息hello go
INFO: 2021/07/15 18:40:17 connection.go:70: talk类型消息hello go
INFO: 2021/07/15 18:40:17 connection.go:70: talk类型消息hello go
INFO: 2021/07/15 18:40:17 connection.go:70: talk类型消息hello go
INFO: 2021/07/15 18:40:17 connection.go:70: talk类型消息hello go
INFO: 2021/07/15 18:40:18 connection.go:70: talk类型消息hello go
INFO: 2021/07/15 18:40:18 connection.go:70: talk类型消息hello go
INFO: 2021/07/15 18:40:18 connection.go:70: talk类型消息hello go
INFO: 2021/07/15 18:40:18 connection.go:70: talk类型消息hello go
INFO: 2021/07/15 18:40:18 connection.go:70: talk类型消息hello go
INFO: 2021/07/15 18:40:19 connection.go:70: talk类型消息hello go
INFO: 2021/07/15 18:40:19 connection.go:70: talk类型消息hello go
INFO: 2021/07/15 18:40:19 connection.go:70: talk类型消息hello go
INFO: 2021/07/15 18:40:19 connection.go:70: talk类型消息hello go
INFO: 2021/07/15 18:40:19 connection.go:70: talk类型消息hello go
INFO: 2021/07/15 18:40:20 connection.go:70: talk类型消息hello go
INFO: 2021/07/15 18:40:20 connection.go:70: talk类型消息hello go
INFO: 2021/07/15 18:40:20 connection.go:70: talk类型消息hello go
INFO: 2021/07/15 18:40:20 connection.go:70: talk类型消息hello go
INFO: 2021/07/15 18:40:20 connection.go:70: talk类型消息hello go
INFO: 2021/07/15 18:40:21 connection.go:70: talk类型消息hello go
INFO: 2021/07/15 18:40:21 connection.go:70: talk类型消息hello go
INFO: 2021/07/15 18:40:21 connection.go:70: talk类型消息hello go
INFO: 2021/07/15 18:40:21 connection.go:70: talk类型消息hello go
INFO: 2021/07/15 18:40:21 connection.go:70: talk类型消息hello go
INFO: 2021/07/15 18:40:22 connection.go:70: talk类型消息hello go
INFO: 2021/07/15 18:40:22 connection.go:70: talk类型消息hello go
INFO: 2021/07/15 18:40:22 connection.go:70: talk类型消息hello go
INFO: 2021/07/15 18:40:22 connection.go:70: talk类型消息hello go
INFO: 2021/07/15 18:40:22 connection.go:70: talk类型消息hello go
INFO: 2021/07/15 18:40:23 connection.go:70: talk类型消息hello go
INFO: 2021/07/15 18:40:23 connection.go:70: talk类型消息hello go
INFO: 2021/07/15 18:40:23 connection.go:70: talk类型消息hello go
INFO: 2021/07/15 18:40:23 connection.go:70: talk类型消息hello go
INFO: 2021/07/15 18:40:23 connection.go:70: talk类型消息hello go
INFO: 2021/07/15 18:40:24 connection.go:70: talk类型消息hello go
INFO: 2021/07/15 18:40:24 connection.go:70: talk类型消息hello go
INFO: 2021/07/15 18:40:24 connection.go:70: talk类型消息hello go
INFO: 2021/07/15 18:40:24 connection.go:70: talk类型消息hello go
INFO: 2021/07/15 18:40:25 connection.go:70: talk类型消息hello go
INFO: 2021/07/15 18:40:25 connection.go:70: talk类型消息hello go
INFO: 2021/07/15 18:40:25 connection.go:70: talk类型消息hello go
INFO: 2021/07/15 18:40:25 connection.go:70: talk类型消息hello go
INFO: 2021/07/15 18:40:25 connection.go:70: talk类型消息hello go
INFO: 2021/07/15 18:40:26 connection.go:70: talk类型消息hello go
INFO: 2021/07/15 18:40:26 connection.go:70: talk类型消息hello go
INFO: 2021/07/15 18:40:26 connection.go:70: talk类型消息hello go
INFO: 2021/07/15 18:40:26 connection.go:70: talk类型消息hello go
INFO: 2021/07/15 18:40:26 connection.go:70: talk类型消息hello go
INFO: 2021/07/15 18:40:27 connection.go:70: talk类型消息hello go
INFO: 2021/07/15 18:40:27 connection.go:70: talk类型消息hello go
INFO: 2021/07/15 18:40:27 connection.go:70: talk类型消息hello go
INFO: 2021/07/15 18:40:27 connection.go:70: talk类型消息hello go
INFO: 2021/07/15 18:40:27 connection.go:70: talk类型消息hello go
INFO: 2021/07/15 18:40:28 connection.go:70: talk类型消息hello go
INFO: 2021/07/15 18:40:28 connection.go:70: talk类型消息hello go
INFO: 2021/07/15 18:40:28 connection.go:70: talk类型消息hello go
INFO: 2021/07/15 18:40:28 connection.go:70: talk类型消息hello go
INFO: 2021/07/15 18:40:28 connection.go:70: talk类型消息hello go
INFO: 2021/07/15 18:40:29 connection.go:70: talk类型消息hello go
INFO: 2021/07/15 18:40:29 connection.go:70: talk类型消息hello go
INFO: 2021/07/15 18:40:29 connection.go:70: talk类型消息hello go
INFO: 2021/07/15 18:40:29 connection.go:70: talk类型消息hello go
INFO: 2021/07/15 18:40:29 connection.go:70: talk类型消息hello go
INFO: 2021/07/15 18:40:30 connection.go:70: talk类型消息hello go
INFO: 2021/07/15 18:40:30 connection.go:70: talk类型消息hello go
INFO: 2021/07/15 18:40:30 connection.go:70: talk类型消息hello go
INFO: 2021/07/15 18:40:30 connection.go:70: talk类型消息hello go
INFO: 2021/07/15 18:40:30 connection.go:70: talk类型消息hello go
INFO: 2021/07/15 18:40:31 connection.go:70: talk类型消息hello go
INFO: 2021/07/15 18:40:31 connection.go:70: talk类型消息hello go
INFO: 2021/07/15 18:40:31 connection.go:70: talk类型消息hello go
INFO: 2021/07/15 18:40:31 connection.go:70: talk类型消息hello go
INFO: 2021/07/15 18:40:31 connection.go:70: talk类型消息hello go
INFO: 2021/07/15 18:40:32 connection.go:70: talk类型消息hello go
INFO: 2021/07/15 18:40:32 connection.go:70: talk类型消息hello go
INFO: 2021/07/15 18:40:32 connection.go:70: talk类型消息hello go
INFO: 2021/07/15 18:40:32 connection.go:70: talk类型消息hello go
INFO: 2021/07/15 18:40:32 connection.go:70: talk类型消息hello go
INFO: 2021/07/15 18:40:33 connection.go:70: talk类型消息hello go
INFO: 2021/07/15 18:40:33 connection.go:70: talk类型消息hello go
INFO: 2021/07/15 18:40:33 connection.go:70: talk类型消息hello go
INFO: 2021/07/15 18:40:33 connection.go:70: talk类型消息hello go
INFO: 2021/07/15 18:40:33 connection.go:70: talk类型消息hello go
INFO: 2021/07/15 18:40:34 connection.go:70: talk类型消息hello go
INFO: 2021/07/15 18:40:34 connection.go:70: talk类型消息hello go
INFO: 2021/07/15 18:40:34 connection.go:70: talk类型消息hello go
INFO: 2021/07/15 18:40:34 connection.go:70: talk类型消息hello go
INFO: 2021/07/15 18:40:34 connection.go:70: talk类型消息hello go
INFO: 2021/07/15 18:40:35 connection.go:70: talk类型消息hello go
INFO: 2021/07/15 18:40:35 connection.go:70: talk类型消息hello go
INFO: 2021/07/15 18:40:35 connection.go:70: talk类型消息hello go
INFO: 2021/07/15 18:40:35 connection.go:70: talk类型消息hello go
INFO: 2021/07/15 18:40:35 connection.go:70: talk类型消息hello go
INFO: 2021/07/15 18:40:36 connection.go:70: talk类型消息hello go
INFO: 2021/07/15 18:40:36 connection.go:70: talk类型消息hello go
INFO: 2021/07/15 18:40:36 connection.go:70: talk类型消息hello go
INFO: 2021/07/15 18:40:36 connection.go:70: talk类型消息hello go
INFO: 2021/07/15 18:40:36 connection.go:70: talk类型消息hello go
INFO: 2021/07/15 18:50:52 connection.go:70: talk类型消息SignIn
INFO: 2021/07/15 18:51:56 connection.go:70: talk类型消息SignIn
INFO: 2021/07/15 18:52:14 connection.go:70: talk类型消息hello
INFO: 2021/07/15 18:52:26 connection.go:70: talk类型消息hello liloi
INFO: 2021/07/15 18:59:20 connection.go:70: talk类型消息hello go
INFO: 2021/07/15 18:59:20 connection.go:70: talk类型消息hello go
INFO: 2021/07/15 18:59:21 connection.go:70: talk类型消息hello go
INFO: 2021/07/15 18:59:21 connection.go:70: talk类型消息hello go
INFO: 2021/07/15 18:59:21 connection.go:70: talk类型消息hello go
INFO: 2021/07/15 18:59:21 connection.go:70: talk类型消息hello go
INFO: 2021/07/15 18:59:21 connection.go:70: talk类型消息hello go
INFO: 2021/07/15 18:59:22 connection.go:70: talk类型消息hello go
INFO: 2021/07/15 18:59:22 connection.go:70: talk类型消息hello go
INFO: 2021/07/15 18:59:22 connection.go:70: talk类型消息hello go
INFO: 2021/07/15 18:59:22 connection.go:70: talk类型消息hello go
INFO: 2021/07/15 18:59:22 connection.go:70: talk类型消息hello go
INFO: 2021/07/15 18:59:23 connection.go:70: talk类型消息hello go
INFO: 2021/07/15 18:59:23 connection.go:70: talk类型消息hello go
INFO: 2021/07/15 18:59:23 connection.go:70: talk类型消息hello go
INFO: 2021/07/15 18:59:23 connection.go:70: talk类型消息hello go
INFO: 2021/07/15 18:59:23 connection.go:70: talk类型消息hello go
INFO: 2021/07/15 18:59:24 connection.go:70: talk类型消息hello go
INFO: 2021/07/15 18:59:24 connection.go:70: talk类型消息hello go
INFO: 2021/07/15 18:59:24 connection.go:70: talk类型消息hello go
INFO: 2021/07/15 18:59:24 connection.go:70: talk类型消息hello go
INFO: 2021/07/15 18:59:24 connection.go:70: talk类型消息hello go
INFO: 2021/07/15 18:59:25 connection.go:70: talk类型消息hello go
INFO: 2021/07/15 18:59:25 connection.go:70: talk类型消息hello go
INFO: 2021/07/15 18:59:25 connection.go:70: talk类型消息hello go
INFO: 2021/07/15 18:59:25 connection.go:70: talk类型消息hello go
INFO: 2021/07/15 18:59:25 connection.go:70: talk类型消息hello go
INFO: 2021/07/15 18:59:26 connection.go:70: talk类型消息hello go
INFO: 2021/07/15 18:59:26 connection.go:70: talk类型消息hello go
INFO: 2021/07/15 18:59:26 connection.go:70: talk类型消息hello go
INFO: 2021/07/15 18:59:26 connection.go:70: talk类型消息hello go
INFO: 2021/07/15 18:59:26 connection.go:70: talk类型消息hello go
INFO: 2021/07/15 18:59:27 connection.go:70: talk类型消息hello go
INFO: 2021/07/15 18:59:27 connection.go:70: talk类型消息hello go
INFO: 2021/07/15 18:59:27 connection.go:70: talk类型消息hello go
INFO: 2021/07/15 18:59:27 connection.go:70: talk类型消息hello go
INFO: 2021/07/15 18:59:27 connection.go:70: talk类型消息hello go
INFO: 2021/07/15 18:59:28 connection.go:70: talk类型消息hello go
INFO: 2021/07/15 18:59:28 connection.go:70: talk类型消息hello go
INFO: 2021/07/15 18:59:28 connection.go:70: talk类型消息hello go
INFO: 2021/07/15 18:59:28 connection.go:70: talk类型消息hello go
INFO: 2021/07/15 18:59:28 connection.go:70: talk类型消息hello go
INFO: 2021/07/15 18:59:29 connection.go:70: talk类型消息hello go
INFO: 2021/07/15 18:59:29 connection.go:70: talk类型消息hello go
INFO: 2021/07/16 21:15:20 connection.go:70: talk类型消息SignIn
INFO: 2021/07/16 21:15:27 connection.go:70: talk类型消息123
INFO: 2021/07/16 21:15:28 connection.go:70: talk类型消息
INFO: 2021/07/16 21:15:29 connection.go:70: talk类型消息
INFO: 2021/07/16 21:15:30 connection.go:70: talk类型消息
INFO: 2021/07/16 21:15:30 connection.go:70: talk类型消息
INFO: 2021/07/16 21:15:30 connection.go:70: talk类型消息
INFO: 2021/07/16 21:15:30 connection.go:70: talk类型消息
INFO: 2021/07/16 21:15:32 connection.go:70: talk类型消息
INFO: 2021/07/16 21:16:26 connection.go:70: talk类型消息SignIn
INFO: 2021/07/16 21:16:27 connection.go:70: talk类型消息SignIn
INFO: 2021/07/16 21:16:36 connection.go:70: talk类型消息qq
INFO: 2021/07/16 21:16:38 connection.go:70: talk类型消息www
INFO: 2021/07/16 21:16:40 connection.go:70: talk类型消息ww
INFO: 2021/07/16 21:16:42 connection.go:70: talk类型消息www
INFO: 2021/07/16 21:16:44 connection.go:57: websocket: close 1005 (no status)
INFO: 2021/07/16 21:16:48 connection.go:70: talk类型消息SignIn
INFO: 2021/07/16 21:16:50 connection.go:57: websocket: close 1005 (no status)
INFO: 2021/07/16 21:16:54 connection.go:70: talk类型消息SignIn
